C51 COMPILER V9.60.0.0   BUZZER                                                            03/07/2026 19:17:29 PAGE 1   


C51 COMPILER V9.60.0.0, COMPILATION OF MODULE BUZZER
OBJECT MODULE PLACED IN .\Objects\Buzzer.obj
COMPILER INVOKED BY: C:\Keil_v5\C51\BIN\C51.EXE Buzzer.c OPTIMIZE(8,SPEED) DEBUG OBJECTEXTEND TABS(2) OBJECT(.\Objects\B
                    -uzzer.obj)

line level    source

   1          #include "AT89X52.h"
   2          #include "Buzzer.h"
   3          #include <intrins.h>
   4          
   5          sbit BUZZER_PIN = P2^5;
   6          
   7          void Buzzer_Init(void)
   8          {
   9   1          BUZZER_PIN = 0;
  10   1      }
  11          
  12          void Buzzer_Off(void)
  13          {
  14   1          BUZZER_PIN = 0;
  15   1      }
  16          
  17          void Buzzer_DelayShort(unsigned char t)
  18          {
  19   1          while(t--)
  20   1          {
  21   2              _nop_();
  22   2              _nop_();
  23   2          }
  24   1      }
  25          
  26          void Buzzer_Alarm(unsigned char freq_delay, unsigned int duration_ms)
  27          {
  28   1          unsigned int i;
  29   1          unsigned long cycles = (unsigned long)duration_ms * 100 / freq_delay;
  30   1      
  31   1          for(i = 0; i < cycles; i++)
  32   1          {
  33   2              BUZZER_PIN = !BUZZER_PIN;
  34   2              Buzzer_DelayShort(freq_delay);
  35   2          }
  36   1          BUZZER_PIN = 0;
  37   1      }


MODULE INFORMATION:   STATIC OVERLAYABLE
   CODE SIZE        =     90    ----
   CONSTANT SIZE    =   ----    ----
   XDATA SIZE       =   ----    ----
   PDATA SIZE       =   ----    ----
   DATA SIZE        =   ----       5
   IDATA SIZE       =   ----    ----
   BIT SIZE         =   ----    ----
END OF MODULE INFORMATION.


C51 COMPILATION COMPLETE.  0 WARNING(S),  0 ERROR(S)
