C51 COMPILER V9.60.0.0   KEY                                                               03/07/2026 19:17:29 PAGE 1   


C51 COMPILER V9.60.0.0, COMPILATION OF MODULE KEY
OBJECT MODULE PLACED IN .\Objects\Key.obj
COMPILER INVOKED BY: C:\Keil_v5\C51\BIN\C51.EXE Key.c OPTIMIZE(8,SPEED) DEBUG OBJECTEXTEND TABS(2) OBJECT(.\Objects\Key.
                    -obj)

line level    source

   1          #include "Key.h"
   2          #include <INTRINS.H> 
   3          
   4          // 无按键返回值
   5          #define KEY_NONE 99
   6          
   7          // 记录上一次的按键扫描结果，用于去抖
   8          static unsigned char LastKey = 0;
   9          // 记录按键按下的持续时间（次数）
  10          static unsigned char KeyPressCount = 0;
  11          
  12          /*
  13           * 内部函数：扫描矩阵键盘硬件状态
  14           * 返回值：0 (无按键) 或 键值 (1~16)
  15           * 注意：这里不处理逻辑，只读硬件
  16           */
  17          static unsigned char Key_Driver_Read(void)
  18          {
  19   1          unsigned char KeyNumber = 0;
  20   1      
  21   1          // --- 全低扫描，快速判断是否有键 ---
  22   1          ROW1 = 0; ROW2 = 0; ROW3 = 0; ROW4 = 0;
  23   1          COL1 = 1; COL2 = 1; COL3 = 1; COL4 = 1;
  24   1      
  25   1          if (COL1 == 0 || COL2 == 0 || COL3 == 0 || COL4 == 0)
  26   1          {
  27   2              // 确实有键按下，进行逐行扫描
  28   2              // 第一行
  29   2              ROW1 = 0; ROW2 = 1; ROW3 = 1; ROW4 = 1;
  30   2              if (COL1 == 0) KeyNumber = 7;
  31   2              if (COL2 == 0) KeyNumber = 8;
  32   2              if (COL3 == 0) KeyNumber = 9;
  33   2              if (COL4 == 0) KeyNumber = 10; // 去皮
  34   2      
  35   2              // 第二行
  36   2              ROW1 = 1; ROW2 = 0; ROW3 = 1; ROW4 = 1;
  37   2              if (COL1 == 0) KeyNumber = 4;
  38   2              if (COL2 == 0) KeyNumber = 5;
  39   2              if (COL3 == 0) KeyNumber = 6;
  40   2              if (COL4 == 0) KeyNumber = 11; // 清空
  41   2      
  42   2              // 第三行
  43   2              ROW1 = 1; ROW2 = 1; ROW3 = 0; ROW4 = 1;
  44   2              if (COL1 == 0) KeyNumber = 1;
  45   2              if (COL2 == 0) KeyNumber = 2;
  46   2              if (COL3 == 0) KeyNumber = 3;
  47   2              if (COL4 == 0) KeyNumber = 12; // 删除
  48   2      
  49   2              // 第四行
  50   2              ROW1 = 1; ROW2 = 1; ROW3 = 1; ROW4 = 0;
  51   2              if (COL1 == 0) KeyNumber = 14; // Mode
  52   2              if (COL2 == 0) KeyNumber = 0;
  53   2              if (COL3 == 0) KeyNumber = 15; // Dot
  54   2              if (COL4 == 0) KeyNumber = 13; // DHT11
C51 COMPILER V9.60.0.0   KEY                                                               03/07/2026 19:17:29 PAGE 2   

  55   2          }
  56   1          
  57   1          return KeyNumber;
  58   1      }
  59          
  60          
  61          unsigned char Key_Scan(void)
  62          {
  63   1          unsigned char CurKey;
  64   1          
  65   1          CurKey = Key_Driver_Read();
  66   1      
  67   1          if (CurKey != 0) 
  68   1          {
  69   2              if (CurKey == LastKey) 
  70   2              {
  71   3                  KeyPressCount++;
  72   3                  if (KeyPressCount == 2) 
  73   3                  {
  74   4                      return CurKey; 
  75   4                  }
  76   3              }
  77   2              else 
  78   2              {
  79   3                  KeyPressCount = 0;
  80   3              }
  81   2          }
  82   1          else 
  83   1          {
  84   2              KeyPressCount = 0;
  85   2          }
  86   1          
  87   1          LastKey = CurKey;
  88   1          return KEY_NONE; 
  89   1      }


MODULE INFORMATION:   STATIC OVERLAYABLE
   CODE SIZE        =    171    ----
   CONSTANT SIZE    =   ----    ----
   XDATA SIZE       =   ----    ----
   PDATA SIZE       =   ----    ----
   DATA SIZE        =      2    ----
   IDATA SIZE       =   ----    ----
   BIT SIZE         =   ----    ----
END OF MODULE INFORMATION.


C51 COMPILATION COMPLETE.  0 WARNING(S),  0 ERROR(S)
