C51 COMPILER V9.60.0.0   DHT11                                                             02/20/2026 19:33:21 PAGE 1   


C51 COMPILER V9.60.0.0, COMPILATION OF MODULE DHT11
OBJECT MODULE PLACED IN .\Objects\DHT11.obj
COMPILER INVOKED BY: C:\Keil_v5\C51\BIN\C51.EXE DHT11.c OPTIMIZE(8,SPEED) DEBUG OBJECTEXTEND TABS(2) OBJECT(.\Objects\DH
                    -T11.obj)

line level    source

   1          #include "DHT11.h"
   2          
   3          void Delay_ms_DHT11(unsigned int ms)
   4          {
   5   1          unsigned int i, j;
   6   1          for (i = ms; i > 0; i--)
   7   1              for (j = 110; j > 0; j--);
   8   1      }
   9          
  10          void Delay_10us_DHT11(void)
  11          {
  12   1          _nop_(); _nop_(); _nop_(); _nop_(); _nop_();
  13   1          _nop_(); _nop_(); _nop_(); _nop_(); _nop_();
  14   1      }
  15          
  16          unsigned char DHT11_Read_Byte(void)
  17          {
  18   1          unsigned char i, dat = 0;
  19   1          unsigned char timeout;
  20   1      
  21   1          for (i = 0; i < 8; i++)
  22   1          {
  23   2              dat <<= 1;
  24   2      
  25   2              timeout = 0;
  26   2              while (!DHT11_DATA)
  27   2              {
  28   3                  if(++timeout > 100) break;
  29   3              }
  30   2      
  31   2              Delay_10us_DHT11();
  32   2              Delay_10us_DHT11();
  33   2              Delay_10us_DHT11();
  34   2      
  35   2              if (DHT11_DATA)
  36   2              {
  37   3                  dat |= 1;
  38   3      
  39   3                  timeout = 0;
  40   3                  while (DHT11_DATA)
  41   3                  {
  42   4                      if(++timeout > 100) break;
  43   4                  }
  44   3              }
  45   2          }
  46   1          return dat;
  47   1      }
  48          
  49          // 返回 1 表示读取成功，0 表示失败
  50          bit Dht11_Get_Temp_Humi_Value(uint *temp, uint *humi)
  51          {
  52   1          unsigned char rh_int, rh_dec, t_int, t_dec, sum;
  53   1          unsigned char timeout = 0;
  54   1      
C51 COMPILER V9.60.0.0   DHT11                                                             02/20/2026 19:33:21 PAGE 2   

  55   1          DHT11_DATA = 1;
  56   1          _nop_();
  57   1          DHT11_DATA = 0;
  58   1          Delay_ms_DHT11(20);
  59   1          DHT11_DATA = 1;
  60   1      
  61   1          Delay_10us_DHT11();
  62   1          Delay_10us_DHT11();
  63   1          Delay_10us_DHT11();
  64   1      
  65   1          if (!DHT11_DATA)
  66   1          {
  67   2              timeout = 0;
  68   2              while (!DHT11_DATA && ++timeout < 100);
  69   2      
  70   2              timeout = 0;
  71   2              while (DHT11_DATA && ++timeout < 100);
  72   2      
  73   2              EA = 0;
  74   2      
  75   2              rh_int = DHT11_Read_Byte();
  76   2              rh_dec = DHT11_Read_Byte();
  77   2              t_int  = DHT11_Read_Byte();
  78   2              t_dec  = DHT11_Read_Byte();
  79   2              sum    = DHT11_Read_Byte();
  80   2      
  81   2              EA = 1;
  82   2      
  83   2              Delay_10us_DHT11();
  84   2              DHT11_DATA = 1;
  85   2      
  86   2              if (sum == (rh_int + rh_dec + t_int + t_dec))
  87   2              {
  88   3                  *humi = (unsigned int)rh_int * 10 + rh_dec;
  89   3                  *temp = (unsigned int)t_int * 10 + t_dec;
  90   3                  return 1;  // 读取成功
  91   3              }
  92   2          }
  93   1          return 0;  // 读取失败
  94   1      }
  95          
  96          void Dht11_Connection_Reset(void)
  97          {
  98   1          DHT11_DATA = 1;
  99   1      }


MODULE INFORMATION:   STATIC OVERLAYABLE
   CODE SIZE        =    297    ----
   CONSTANT SIZE    =   ----    ----
   XDATA SIZE       =   ----    ----
   PDATA SIZE       =   ----    ----
   DATA SIZE        =   ----       8
   IDATA SIZE       =   ----    ----
   BIT SIZE         =   ----    ----
END OF MODULE INFORMATION.


C51 COMPILATION COMPLETE.  0 WARNING(S),  0 ERROR(S)
