C51 COMPILER V9.60.0.0   LCD1602                                                           02/20/2026 19:33:21 PAGE 1   


C51 COMPILER V9.60.0.0, COMPILATION OF MODULE LCD1602
OBJECT MODULE PLACED IN .\Objects\LCD1602.obj
COMPILER INVOKED BY: C:\Keil_v5\C51\BIN\C51.EXE LCD1602.c OPTIMIZE(8,SPEED) DEBUG OBJECTEXTEND TABS(2) OBJECT(.\Objects\
                    -LCD1602.obj)

line level    source

   1          #include <REGX52.H>
   2          
   3          sbit LCD_RS=P2^6;
   4          sbit LCD_RW=P2^5;
   5          sbit LCD_EN=P2^7;
   6          #define LCD_DataPort P0
   7          
   8          // 10的幂查表法，避免循环计算
   9          static code unsigned long PowersOf10[] = {1UL, 10UL, 100UL, 1000UL, 10000UL, 100000UL};
  10          #define LCD_Pow10(Y) PowersOf10[Y]
  11          
  12          sbit LCD_BL=P2^3; 
  13          
  14          void LCD_Delay50us(void)  
  15          {
  16   1        unsigned char i;
  17   1        i=20;
  18   1        while(--i);
  19   1      }
  20          
  21          void LCD_Delay2ms(void) 
  22          {
  23   1        unsigned char i,j;
  24   1        i=4;
  25   1        j=146;
  26   1        do
  27   1        {
  28   2          while(--j);
  29   2        }while(--i);
  30   1      }
  31          
  32          void LCD_WriteCommand(unsigned char Command)
  33          {
  34   1        LCD_RS=0;
  35   1        LCD_RW=0;
  36   1        LCD_DataPort=Command;
  37   1        LCD_EN=1;
  38   1        LCD_Delay50us();
  39   1        LCD_EN=0;
  40   1        LCD_Delay50us();
  41   1      }
  42          
  43          void LCD_WriteData(unsigned char Data)
  44          {
  45   1        LCD_RS=1;
  46   1        LCD_RW=0;
  47   1        LCD_DataPort=Data;
  48   1        LCD_EN=1;
  49   1        LCD_Delay50us();
  50   1        LCD_EN=0;
  51   1        LCD_Delay50us();
  52   1      }
  53          
  54          void LCD_SetCursor(unsigned char Line,unsigned char Column)
C51 COMPILER V9.60.0.0   LCD1602                                                           02/20/2026 19:33:21 PAGE 2   

  55          {
  56   1        if(Line==1)
  57   1        {
  58   2          LCD_WriteCommand(0x80|(Column-1));
  59   2        }
  60   1        else if(Line==2)
  61   1        {
  62   2          LCD_WriteCommand(0x80|(Column-1+0x40));
  63   2        }
  64   1      }
  65          
  66          void LCD_Init()
  67          {
  68   1        LCD_WriteCommand(0x38); //八位数据接口，两行显示，5*7点阵
  69   1        LCD_WriteCommand(0x0C); //显示开，光标关，闪烁关
  70   1        LCD_WriteCommand(0x06); //数据读写操作后，光标自动加一，画面不动
  71   1        LCD_WriteCommand(0x01); //光标复位，清屏
  72   1        LCD_Delay2ms(); //清屏指令执行需要较长时间，需要较长的延时
  73   1          LCD_BL = 1;     // 初始化默认开启背光
  74   1      }
  75          
  76          void LCD_ShowChar(unsigned char Line,unsigned char Column,char Char)
  77          {
  78   1        LCD_SetCursor(Line,Column);
  79   1        LCD_WriteData(Char);
  80   1      }
  81          
  82          void LCD_ShowString(unsigned char Line,unsigned char Column,char *String)
  83          {
  84   1        unsigned char i;
  85   1        LCD_SetCursor(Line,Column);
  86   1        for(i=0;String[i]!='\0';i++)
  87   1        {
  88   2          LCD_WriteData(String[i]);
  89   2        }
  90   1      }
  91          
  92          // 保留通用版本用于十六进制和二进制显示
  93          unsigned long LCD_Pow(unsigned char X, unsigned char Y)
  94          {
  95   1        unsigned char i;
  96   1        unsigned long Result = 1;
  97   1        for(i = 0; i < Y; i++)
  98   1        {
  99   2          Result *= X;
 100   2        }
 101   1        return Result;
 102   1      }
 103          
 104          // 优化：使用查表法显示数字，性能更好
 105          void LCD_ShowNum(unsigned char Line, unsigned char Column, unsigned int Number, unsigned char Length)
 106          {
 107   1        unsigned char i;
 108   1        LCD_SetCursor(Line, Column);
 109   1        for(i = Length; i > 0; i--)
 110   1        {
 111   2          LCD_WriteData(Number / LCD_Pow10(i - 1) % 10 + '0');
 112   2        }
 113   1      }
 114          
 115          void LCD_ShowSignedNum(unsigned char Line,unsigned char Column,int Number,unsigned char Length)
 116          {
C51 COMPILER V9.60.0.0   LCD1602                                                           02/20/2026 19:33:21 PAGE 3   

 117   1        unsigned char i;
 118   1        unsigned int Number1;
 119   1        LCD_SetCursor(Line,Column);
 120   1        if(Number>=0)
 121   1        {
 122   2          LCD_WriteData('+');
 123   2          Number1=Number;
 124   2        }
 125   1        else
 126   1        {
 127   2          LCD_WriteData('-');
 128   2          Number1=-Number;
 129   2        }
 130   1        for(i=Length;i>0;i--)
 131   1        {
 132   2          LCD_WriteData(Number1/LCD_Pow(10,i-1)%10+'0');
 133   2        }
 134   1      }
 135          
 136          void LCD_ShowHexNum(unsigned char Line,unsigned char Column,unsigned int Number,unsigned char Length)
 137          {
 138   1        unsigned char i,SingleNumber;
 139   1        LCD_SetCursor(Line,Column);
 140   1        for(i=Length;i>0;i--)
 141   1        {
 142   2          SingleNumber=Number/LCD_Pow(16,i-1)%16;
 143   2          if(SingleNumber<10)
 144   2          {
 145   3            LCD_WriteData(SingleNumber+'0');
 146   3          }
 147   2          else
 148   2          {
 149   3            LCD_WriteData(SingleNumber-10+'A');
 150   3          }
 151   2        }
 152   1      }
 153          
 154          void LCD_ShowBinNum(unsigned char Line,unsigned char Column,unsigned int Number,unsigned char Length)
 155          {
 156   1        unsigned char i;
 157   1        LCD_SetCursor(Line,Column);
 158   1        for(i=Length;i>0;i--)
 159   1        {
 160   2          LCD_WriteData(Number/LCD_Pow(2,i-1)%2+'0');
 161   2        }
 162   1      }
 163          
 164          // 优化：使用查表法显示长整数
 165          void LCD_ShowLongNum(unsigned char Line, unsigned char Column, unsigned long Number, unsigned char Length)
 166          {
 167   1        unsigned char i;
 168   1        for(i = 0; i < Length; i++)
 169   1        {
 170   2          LCD_ShowChar(Line, Column + i, Number / LCD_Pow10(Length - i - 1) % 10 + '0');
 171   2        }
 172   1      }
 173          
 174          void LCD_ShowFloatNum(unsigned char Line,unsigned char Column,float Number,unsigned char IntLength,unsigne
             -d char FraLength,unsigned char IsShowSign)
 175          {
 176   1        unsigned long PowNum,IntNum,FraNum;
 177   1        unsigned char Offset=0;
C51 COMPILER V9.60.0.0   LCD1602                                                           02/20/2026 19:33:21 PAGE 4   

 178   1      
 179   1        if(IsShowSign){Offset=1;}
 180   1        
 181   1        if(Number>=0) 
 182   1        {
 183   2          if(IsShowSign)
 184   2          {
 185   3            LCD_ShowChar(Line,Column,'+');  
 186   3          }
 187   2        }
 188   1        else  
 189   1        {
 190   2          if(IsShowSign)
 191   2          {
 192   3            LCD_ShowChar(Line,Column,'-');  
 193   3          }
 194   2          Number=-Number; 
 195   2        }
 196   1      
 197   1      
 198   1        IntNum=Number;  
 199   1        Number-=IntNum; 
 200   1        PowNum=LCD_Pow(10,FraLength); 
 201   1        FraNum=Number*PowNum*10;  
 202   1        FraNum+=5;  
 203   1        FraNum/=10; 
 204   1        IntNum+=FraNum/PowNum;  
 205   1      
 206   1        LCD_ShowLongNum(Line,Column+Offset,IntNum,IntLength);
 207   1      
 208   1        LCD_ShowChar(Line,Column+IntLength+Offset,'.');
 209   1      
 210   1        LCD_ShowLongNum(Line,Column+IntLength+1+Offset,FraNum,FraLength);
 211   1      }
 212          
 213          void LCD_Clear(void)
 214          {
 215   1        LCD_WriteCommand(0x01);
 216   1        LCD_Delay2ms();
 217   1      }
 218          
 219          void LCD_IsShowCursor(unsigned char State)
 220          {
 221   1        if(State){LCD_WriteCommand(0x0E);}
 222   1        else{LCD_WriteCommand(0x0C);}
 223   1      }
 224          
 225          void LCD_SetBacklight(unsigned char State)
 226          {
 227   1          if(State)
 228   1          {
 229   2              LCD_BL = 1; // 开背光 
 230   2          }
 231   1          else
 232   1          {
 233   2              LCD_BL = 0; // 关背光
 234   2          }
 235   1      }


MODULE INFORMATION:   STATIC OVERLAYABLE
   CODE SIZE        =    969    ----
C51 COMPILER V9.60.0.0   LCD1602                                                           02/20/2026 19:33:21 PAGE 5   

   CONSTANT SIZE    =     24    ----
   XDATA SIZE       =   ----    ----
   PDATA SIZE       =   ----    ----
   DATA SIZE        =   ----      66
   IDATA SIZE       =   ----    ----
   BIT SIZE         =   ----    ----
END OF MODULE INFORMATION.


C51 COMPILATION COMPLETE.  0 WARNING(S),  0 ERROR(S)
