C51 COMPILER V9.60.0.0   MAIN                                                              02/20/2026 19:33:21 PAGE 1   


C51 COMPILER V9.60.0.0, COMPILATION OF MODULE MAIN
OBJECT MODULE PLACED IN .\Objects\main.obj
COMPILER INVOKED BY: C:\Keil_v5\C51\BIN\C51.EXE main.c OPTIMIZE(8,SPEED) DEBUG OBJECTEXTEND TABS(2) OBJECT(.\Objects\mai
                    -n.obj)

line level    source

   1          #include "AT89X52.h"
   2          #include "LCD1602.h"
   3          #include "Key.h"
   4          #include "DS1302.h"
   5          #include "DHT11.h"
   6          #include "Buzzer.h"
   7          #include <intrins.h>
   8          
   9          #define KEY_TARE      10
  10          #define KEY_CLEAR     11
  11          #define KEY_BACKSPACE 12
  12          #define KEY_DHT11     13
  13          #define KEY_MODE      14
  14          #define KEY_DOT       15
  15          #define KEY_NONE      99
  16          
  17          #define Multiple 405.40
  18          #define MULTIPLE_X100 40540L
  19          
  20          #define FILTER_SIZE 8
  21          
  22          #define HX711_READY_STABLE_COUNT   3
  23          #define HX711_WAIT_READY_TIMEOUT   250000UL
  24          #define HX711_SPIKE_THRESHOLD_COUNTS  5000000L
  25          #define HX711_SAT_MARGIN_COUNTS     1000L
  26          
  27          // 重量噪声阈值，低于此值视为0
  28          #define WEIGHT_NOISE_THRESHOLD 1
  29          
  30          sbit HX711_OUT = P3^2;
  31          sbit HX711_SCK = P3^3;
  32          
  33          volatile unsigned char g_tick10ms = 0;   
  34          volatile unsigned char g_evt200ms = 0;   
  35          volatile unsigned char g_evt500ms = 0;   
  36          
  37          volatile unsigned long g_uptime10ms = 0;
  38          
  39          #define SCREEN_OFF_TIMEOUT_TICKS 500UL
  40          #define RAW_ACTIVITY_THRESHOLD   800L
  41          
  42          static bit idata g_screenOff = 0;
  43          
  44          static unsigned long idata g_lastActivityTick10ms = 0;
  45          static long idata g_lastTotalForActivity          = 0;
  46          
  47          long idata FurResult = 0;
  48          long idata TotalResult = 0;
  49          long idata NetWeight = 0;
  50          unsigned long idata NetWeightAbs = 0;
  51          
  52          long xdata Weight_Buffer[FILTER_SIZE] = {0};
  53          unsigned char Filter_Index = 0;
  54          bit g_isFirstSample = 1;
C51 COMPILER V9.60.0.0   MAIN                                                              02/20/2026 19:33:21 PAGE 2   

  55          
  56          static long idata g_lastRawValid = 0;
  57          static bit  idata g_hasLastRaw  = 0;
  58          
  59          unsigned long idata UnitPrice_x100 = 0;
  60          
  61          char idata InputBuf[8] = {0};
  62          unsigned char idata InputIndex = 0;
  63          
  64          static signed char idata g_dotPos = -1;      
  65          static unsigned char idata g_fracDigits = 0; 
  66          static bit idata g_inputDirty = 0;
  67          static bit idata g_priceDirty = 0;
  68          
  69          unsigned char idata SystemMode = 0;
  70          
  71          unsigned int idata year;
  72          unsigned char idata month, day, hour, minute, second;
  73          
  74          unsigned int idata dht_temp = 0;
  75          unsigned int idata dht_humi = 0;
  76          unsigned char idata dht_div = 0;
  77          
  78          static long idata lastNetWeight = 0x7FFFFFFF;
  79          static unsigned long idata lastUnitPrice_x100 = 0xFFFFFFFFUL;
  80          static unsigned long idata lastTotal_fen = 0xFFFFFFFFUL; 
  81          static bit idata lastWeightNeg = 0;
  82          static unsigned int idata last_dht_temp = 0xFFFF;
  83          static unsigned int idata last_dht_humi = 0xFFFF;
  84          
  85          void Timer0_Init(void);
  86          void Delay(unsigned int t);
  87          unsigned long GetWeight_NoWait(void);
  88          long Filter_Weight(long raw);
  89          
  90          static bit  HX711_IsReadyStable(void);
  91          static bit  HX711_WaitReady(unsigned long timeout);
  92          static long HX711_ReadRawSafe(void);
  93          static long HX711_ReadRawSpikeRejected(void);
  94          static void ResetInput(void);
  95          static void ShowInputStringIfDirty(void);
  96          static unsigned long ParsePriceToX100(const char* str);
  97          static void Init_Display(void);
  98          static void ProcessKey(unsigned char key);
  99          static long CalcNetWeightFromDiff(long diff);
 100          static void UpdateScaleDisplay(void);
 101          static void UpdateScaleLogicOnly(void);
 102          static void UpdateClockDisplay(void);
 103          static void UpdateDHTDisplay(void);
 104          
 105          static void Screen_Off(void);
 106          static void Screen_On(void);
 107          static void MarkActivity(void);
 108          static unsigned long ReadUptime10msSafe(void);
 109          
 110          void Timer0_Init(void)
 111          {
 112   1          TMOD &= 0xF0;
 113   1          TMOD |= 0x01;      
 114   1          TL0 = 0x00;
 115   1          TH0 = 0xDC;
 116   1          TF0 = 0;
C51 COMPILER V9.60.0.0   MAIN                                                              02/20/2026 19:33:21 PAGE 3   

 117   1          TR0 = 1;
 118   1          ET0 = 1;
 119   1          EA  = 1;
 120   1      }
 121          
 122          void Delay(unsigned int t)
 123          {
 124   1          unsigned char i, j;
 125   1          while(t--)
 126   1          {
 127   2              i = 2; j = 199;
 128   2              do { while (--j); } while (--i);
 129   2          }
 130   1      }
 131          
 132          unsigned long GetWeight_NoWait(void)
 133          {
 134   1          unsigned long Temp = 0;
 135   1          unsigned char i;
 136   1          bit ea_bak = EA;
 137   1      
 138   1          HX711_SCK = 0;
 139   1          Temp = 0;
 140   1      
 141   1          for(i = 0; i < 24; i++)
 142   1          {
 143   2              EA = 0;
 144   2              HX711_SCK = 1; _nop_();
 145   2              Temp <<= 1;
 146   2              if(HX711_OUT) Temp++;
 147   2              HX711_SCK = 0; _nop_();
 148   2              EA = ea_bak;
 149   2          }
 150   1      
 151   1          EA = 0;
 152   1          HX711_SCK = 1; _nop_();
 153   1          HX711_SCK = 0; _nop_();
 154   1          EA = ea_bak;
 155   1      
 156   1          if(Temp & 0x00800000) Temp |= 0xFF000000;
 157   1          return Temp;
 158   1      }
 159          
 160          static bit HX711_IsReadyStable(void)
 161          {
 162   1          unsigned char i;
 163   1          for(i = 0; i < HX711_READY_STABLE_COUNT; i++)
 164   1          {
 165   2              if(HX711_OUT) return 0;
 166   2              _nop_(); _nop_();
 167   2          }
 168   1          return 1;
 169   1      }
 170          
 171          static bit HX711_WaitReady(unsigned long timeout)
 172          {
 173   1          while(timeout--)
 174   1          {
 175   2              if(!HX711_OUT)
 176   2              {
 177   3                  if(HX711_IsReadyStable()) return 1;
 178   3              }
C51 COMPILER V9.60.0.0   MAIN                                                              02/20/2026 19:33:21 PAGE 4   

 179   2          }
 180   1          return 0;
 181   1      }
 182          
 183          static bit HX711_IsSaturatedLike(long raw)
 184          {
 185   1          if(raw > (8388607L - HX711_SAT_MARGIN_COUNTS)) return 1;
 186   1          if(raw < (-8388608L + HX711_SAT_MARGIN_COUNTS)) return 1;
 187   1      
 188   1          if(raw == -1L) return 1;
 189   1      
 190   1          return 0;
 191   1      }
 192          
 193          static long HX711_ReadRawSafe(void)
 194          {
 195   1          if(!HX711_WaitReady(HX711_WAIT_READY_TIMEOUT))
 196   1          {
 197   2              return g_hasLastRaw ? g_lastRawValid : 0L;
 198   2          }
 199   1          return (long)GetWeight_NoWait();
 200   1      }
 201          
 202          static long HX711_ReadRawSpikeRejected(void)
 203          {
 204   1          long raw = HX711_ReadRawSafe();
 205   1      
 206   1          if(HX711_IsSaturatedLike(raw))
 207   1          {
 208   2              return g_hasLastRaw ? g_lastRawValid : raw;
 209   2          }
 210   1      
 211   1          if(!g_hasLastRaw)
 212   1          {
 213   2              g_lastRawValid = raw;
 214   2              g_hasLastRaw = 1;
 215   2              return raw;
 216   2          }
 217   1      
 218   1          if(raw > g_lastRawValid)
 219   1          {
 220   2              if((raw - g_lastRawValid) > HX711_SPIKE_THRESHOLD_COUNTS) return g_lastRawValid;
 221   2          }
 222   1          else
 223   1          {
 224   2              if((g_lastRawValid - raw) > HX711_SPIKE_THRESHOLD_COUNTS) return g_lastRawValid;
 225   2          }
 226   1      
 227   1          g_lastRawValid = raw;
 228   1          return raw;
 229   1      }
 230          
 231          long Filter_Weight(long raw)
 232          {
 233   1          long sum = 0;
 234   1          unsigned char i;
 235   1          
 236   1          if (g_isFirstSample)
 237   1          {
 238   2              for(i=0; i<FILTER_SIZE; i++) Weight_Buffer[i] = raw;
 239   2              g_isFirstSample = 0;
 240   2              return raw;
C51 COMPILER V9.60.0.0   MAIN                                                              02/20/2026 19:33:21 PAGE 5   

 241   2          }
 242   1      
 243   1          Weight_Buffer[Filter_Index] = raw;
 244   1          Filter_Index++;
 245   1          if (Filter_Index >= FILTER_SIZE) Filter_Index = 0;
 246   1      
 247   1          for(i=0; i<FILTER_SIZE; i++)
 248   1          {
 249   2              sum += Weight_Buffer[i];
 250   2          }
 251   1          
 252   1          return (sum / FILTER_SIZE);
 253   1      }
 254          
 255          static void ResetInput(void)
 256          {
 257   1          InputIndex = 0;
 258   1          InputBuf[0] = '\0';
 259   1          g_dotPos = -1;
 260   1          g_fracDigits = 0;
 261   1          UnitPrice_x100 = 0;
 262   1          g_inputDirty = 1;
 263   1          g_priceDirty = 0;
 264   1      }
 265          
 266          static unsigned long ParsePriceToX100(const char* str)
 267          {
 268   1          unsigned long val = 0;
 269   1          unsigned char i = 0;
 270   1          bit afterDot = 0;
 271   1          unsigned char frac = 0;
 272   1      
 273   1          while(str[i] != '\0')
 274   1          {
 275   2              if(str[i] == '.') afterDot = 1;
 276   2              else if(str[i] >= '0' && str[i] <= '9')
 277   2              {
 278   3                  if(!afterDot || frac < 2)
 279   3                  {
 280   4                      val = val * 10UL + (unsigned long)(str[i] - '0');
 281   4                      if(afterDot) frac++;
 282   4                  }
 283   3              }
 284   2              i++;
 285   2          }
 286   1      
 287   1          if(!afterDot) return val * 100UL;
 288   1          if(frac == 0) return val * 100UL;
 289   1          if(frac == 1) return val * 10UL;
 290   1          return val;
 291   1      }
 292          
 293          static void ShowInputStringIfDirty(void)
 294          {
 295   1          if(!g_inputDirty) return;
 296   1          g_inputDirty = 0;
 297   1          LCD_ShowString(2, 3, "      ");
 298   1          if(InputIndex == 0) LCD_ShowString(2, 3, "00.00");
 299   1          else LCD_ShowString(2, 3, InputBuf);
 300   1      }
 301          
 302          static void Init_Display(void)
C51 COMPILER V9.60.0.0   MAIN                                                              02/20/2026 19:33:21 PAGE 6   

 303          {
 304   1          LCD_Clear();
 305   1          Buzzer_Off();
 306   1          
 307   1          lastNetWeight = 0x7FFFFFFF;
 308   1          lastUnitPrice_x100 = 0xFFFFFFFFUL;
 309   1          lastTotal_fen = 0xFFFFFFFFUL;
 310   1          lastWeightNeg = 0;
 311   1          last_dht_temp = 0xFFFF;
 312   1          last_dht_humi = 0xFFFF;
 313   1      
 314   1          if (SystemMode == 0)
 315   1          {
 316   2              LCD_ShowString(1, 1, "W:");
 317   2              LCD_ShowChar(1, 3, ' ');
 318   2              LCD_ShowString(1, 9, "g ");
 319   2              LCD_ShowString(2, 1, "U:");
 320   2              LCD_ShowString(2, 9, "T:");
 321   2              LCD_ShowChar(2, 14, '.');
 322   2              ResetInput();
 323   2              ShowInputStringIfDirty();
 324   2              UpdateScaleDisplay();
 325   2          }
 326   1          else if (SystemMode == 1)
 327   1          {
 328   2              LCD_ShowChar(1, 8, '-');
 329   2              LCD_ShowChar(1, 11, '-');
 330   2              LCD_ShowChar(2, 6, ':');
 331   2              LCD_ShowChar(2, 9, ':');
 332   2              UpdateClockDisplay();
 333   2          }
 334   1          else
 335   1          {
 336   2              LCD_ShowString(1, 1, "Temp: --.- C");
 337   2              LCD_ShowString(2, 1, "Humi: --.- %");
 338   2              dht_div = 1;
 339   2          }
 340   1      }
 341          
 342          static void ProcessKey(unsigned char key)
 343          {
 344   1          unsigned char removed;
 345   1      
 346   1          if(key == KEY_MODE)
 347   1          {
 348   2              SystemMode = (SystemMode == 1) ? 0 : 1;
 349   2              Init_Display();
 350   2              return;
 351   2          }
 352   1          if(key == KEY_DHT11)
 353   1          {
 354   2              SystemMode = (SystemMode == 2) ? 0 : 2;
 355   2              Init_Display();
 356   2              return;
 357   2          }
 358   1      
 359   1          if(SystemMode != 0) return;
 360   1      
 361   1          if(key <= 9)
 362   1          {
 363   2              if(g_dotPos >= 0 && g_fracDigits >= 2) return;
 364   2              if(InputIndex < 6)
C51 COMPILER V9.60.0.0   MAIN                                                              02/20/2026 19:33:21 PAGE 7   

 365   2              {
 366   3                  InputBuf[InputIndex++] = (char)('0' + key);
 367   3                  InputBuf[InputIndex] = '\0';
 368   3                  if(g_dotPos >= 0) g_fracDigits++;
 369   3                  g_inputDirty = 1;
 370   3                  g_priceDirty = 1;
 371   3              }
 372   2              return;
 373   2          }
 374   1      
 375   1          if(key == KEY_DOT)
 376   1          {
 377   2              if(g_dotPos >= 0) return;
 378   2              if(InputIndex == 0)
 379   2              {
 380   3                  if(InputIndex < 5) { InputBuf[InputIndex++] = '0'; InputBuf[InputIndex] = '\0'; }
 381   3                  else return;
 382   3              }
 383   2              if(InputIndex < 6)
 384   2              {
 385   3                  g_dotPos = (signed char)InputIndex;
 386   3                  InputBuf[InputIndex++] = '.';
 387   3                  InputBuf[InputIndex] = '\0';
 388   3                  g_fracDigits = 0;
 389   3                  g_inputDirty = 1;
 390   3                  g_priceDirty = 1;
 391   3              }
 392   2              return;
 393   2          }
 394   1      
 395   1          if(key == KEY_TARE)
 396   1          {
 397   2              FurResult = TotalResult;
 398   2              lastNetWeight = 0x7FFFFFFF;
 399   2              return;
 400   2          }
 401   1      
 402   1          if(key == KEY_CLEAR)
 403   1          {
 404   2              ResetInput();
 405   2              return;
 406   2          }
 407   1      
 408   1          if(key == KEY_BACKSPACE)
 409   1          {
 410   2              if(InputIndex == 0) return;
 411   2              removed = (unsigned char)InputBuf[InputIndex - 1];
 412   2              InputIndex--;
 413   2              InputBuf[InputIndex] = '\0';
 414   2              if(removed == '.') { g_dotPos = -1; g_fracDigits = 0; }
 415   2              else { if(g_dotPos >= 0 && InputIndex > (unsigned char)g_dotPos && g_fracDigits > 0) g_fracDigits-
             --; }
 416   2              g_inputDirty = 1;
 417   2              g_priceDirty = 1;
 418   2              return;
 419   2          }
 420   1      }
 421          
 422          static long CalcNetWeightFromDiff(long diff)
 423          {
 424   1          long num = diff * 100L;
 425   1          if(num >= 0) num += (MULTIPLE_X100 / 2);
C51 COMPILER V9.60.0.0   MAIN                                                              02/20/2026 19:33:21 PAGE 8   

 426   1          else         num -= (MULTIPLE_X100 / 2);
 427   1          return (num / MULTIPLE_X100);
 428   1      }
 429          
 430          static void UpdateScaleDisplay(void)
 431          {
 432   1          long WeightDiff;
 433   1          unsigned long total_fen;
 434   1          unsigned int TotalInt, TotalDec;
 435   1          bit neg;
 436   1      
 437   1          ShowInputStringIfDirty();
 438   1      
 439   1          if(g_priceDirty)
 440   1          {
 441   2              g_priceDirty = 0;
 442   2              UnitPrice_x100 = (InputIndex == 0) ? 0 : ParsePriceToX100(InputBuf);
 443   2          }
 444   1      
 445   1          WeightDiff = TotalResult - FurResult;
 446   1          NetWeight = CalcNetWeightFromDiff(WeightDiff);
 447   1          
 448   1          if(NetWeight >= -WEIGHT_NOISE_THRESHOLD && NetWeight <= WEIGHT_NOISE_THRESHOLD) NetWeight = 0;
 449   1          if(g_screenOff) { Buzzer_Off(); }
 450   1          else
 451   1          {
 452   2              if(NetWeight > 1000) Buzzer_Alarm(20, 50);
 453   2              else Buzzer_Off();
 454   2          }
 455   1      
 456   1          neg = (NetWeight < 0) ? 1 : 0;
 457   1          NetWeightAbs = (neg) ? (unsigned long)(-NetWeight) : (unsigned long)NetWeight;
 458   1      
 459   1          if(neg != lastWeightNeg)
 460   1          {
 461   2              LCD_ShowChar(1, 3, neg ? '-' : ' ');
 462   2              lastWeightNeg = neg;
 463   2          }
 464   1      
 465   1          if(NetWeight != lastNetWeight)
 466   1          {
 467   2              LCD_ShowNum(1, 4, NetWeightAbs, 5);
 468   2              lastNetWeight = NetWeight;
 469   2          }
 470   1      
 471   1          if(!neg) total_fen = (unsigned long)NetWeightAbs * (unsigned long)UnitPrice_x100 / 1000UL;
 472   1          else total_fen = 0;
 473   1      
 474   1          if(total_fen != lastTotal_fen || UnitPrice_x100 != lastUnitPrice_x100)
 475   1          {
 476   2              lastTotal_fen = total_fen;
 477   2              lastUnitPrice_x100 = UnitPrice_x100;
 478   2              TotalInt = (unsigned int)(total_fen / 100UL);
 479   2              TotalDec = (unsigned int)(total_fen % 100UL);
 480   2              LCD_ShowNum(2, 11, TotalInt, 3);
 481   2              LCD_ShowNum(2, 15, TotalDec, 2);
 482   2          }
 483   1      }
 484          
 485          static void UpdateScaleLogicOnly(void)
 486          {
 487   1          long WeightDiff;
C51 COMPILER V9.60.0.0   MAIN                                                              02/20/2026 19:33:21 PAGE 9   

 488   1          WeightDiff = TotalResult - FurResult;
 489   1          NetWeight = CalcNetWeightFromDiff(WeightDiff);
 490   1          if(NetWeight >= -WEIGHT_NOISE_THRESHOLD && NetWeight <= WEIGHT_NOISE_THRESHOLD) NetWeight = 0;
 491   1          Buzzer_Off();
 492   1      }
 493          
 494          static void UpdateClockDisplay(void)
 495          {
 496   1          DS1302_ReadTime();
 497   1          year   = 2000 + DS1302_Time[0];
 498   1          month  = DS1302_Time[1];
 499   1          day    = DS1302_Time[2];
 500   1          hour   = DS1302_Time[3];
 501   1          minute = DS1302_Time[4];
 502   1          second = DS1302_Time[5];
 503   1      
 504   1          LCD_ShowNum(1, 4, year, 4);
 505   1          LCD_ShowNum(1, 9, month, 2);
 506   1          LCD_ShowNum(1, 12, day, 2);
 507   1          LCD_ShowNum(2, 4, hour, 2);
 508   1          LCD_ShowNum(2, 7, minute, 2);
 509   1          LCD_ShowNum(2, 10, second, 2);
 510   1      }
 511          
 512          static void UpdateDHTDisplay(void)
 513          {
 514   1          if(dht_div == 0) { dht_div = 1; return; }
 515   1          dht_div = 0;
 516   1      
 517   1          Dht11_Get_Temp_Humi_Value(&dht_temp, &dht_humi);
 518   1      
 519   1          if(dht_temp != last_dht_temp)
 520   1          {
 521   2              last_dht_temp = dht_temp;
 522   2              LCD_ShowNum(1, 7, dht_temp/10, 2);
 523   2              LCD_ShowChar(1, 9, '.');
 524   2              LCD_ShowNum(1, 10, dht_temp%10, 1);
 525   2          }
 526   1          if(dht_humi != last_dht_humi)
 527   1          {
 528   2              last_dht_humi = dht_humi;
 529   2              LCD_ShowNum(2, 7, dht_humi/10, 2);
 530   2              LCD_ShowChar(2, 9, '.');
 531   2              LCD_ShowNum(2, 10, dht_humi%10, 1);
 532   2          }
 533   1      }
 534          
 535          static unsigned long ReadUptime10msSafe(void)
 536          {
 537   1          unsigned long t;
 538   1          bit ea_bak = EA;
 539   1          EA = 0;
 540   1          t = g_uptime10ms;
 541   1          EA = ea_bak;
 542   1          return t;
 543   1      }
 544          
 545          static void MarkActivity(void)
 546          {
 547   1          g_lastActivityTick10ms = ReadUptime10msSafe();
 548   1      }
 549          
C51 COMPILER V9.60.0.0   MAIN                                                              02/20/2026 19:33:21 PAGE 10  

 550          static void Screen_Off(void)
 551          {
 552   1          if(g_screenOff) return;
 553   1          g_screenOff = 1;
 554   1          Buzzer_Off();
 555   1          LCD_Clear();
 556   1      }
 557          
 558          static void Screen_On(void)
 559          {
 560   1          g_screenOff = 0;
 561   1          Init_Display();
 562   1          MarkActivity();
 563   1      }
 564          
 565          void main(void)
 566          {
 567   1          unsigned char key;
 568   1          unsigned char timeFlag;
 569   1          long rawWeight;
 570   1          unsigned char k;
 571   1      
 572   1          HX711_SCK = 0;
 573   1          Buzzer_Init();
 574   1          LCD_Init();
 575   1      
 576   1          LCD_ShowString(1, 1, "Name: xxx");
 577   1          LCD_ShowString(2, 1, "ID: 222xxxxxxx");
 578   1          
 579   1          for(k=0; k<3; k++)
 580   1          {
 581   2              Delay(1000); 
 582   2          }
 583   1          
 584   1          DS1302_Init();
 585   1      
 586   1          timeFlag = DS1302_ReadByte(0xC0);
 587   1          if(timeFlag != 0xAA)
 588   1          {
 589   2              DS1302_SetTime();
 590   2              DS1302_WriteByte(0x8E, 0x00);
 591   2              DS1302_WriteByte(0xC0, 0xAA);
 592   2              DS1302_WriteByte(0x8E, 0x80);
 593   2              Delay(500);
 594   2          }
 595   1      
 596   1          Timer0_Init();
 597   1      
 598   1          HX711_WaitReady(HX711_WAIT_READY_TIMEOUT);
 599   1      
 600   1          rawWeight = HX711_ReadRawSafe();
 601   1          FurResult = Filter_Weight(rawWeight);
 602   1          g_lastRawValid = rawWeight;
 603   1          g_hasLastRaw = 1;
 604   1      
 605   1          for(key=0; key<10; key++)
 606   1          {
 607   2              rawWeight = HX711_ReadRawSafe();
 608   2          }
 609   1          rawWeight = HX711_ReadRawSafe();
 610   1          FurResult = Filter_Weight(rawWeight);
 611   1          g_lastRawValid = rawWeight;
C51 COMPILER V9.60.0.0   MAIN                                                              02/20/2026 19:33:21 PAGE 11  

 612   1      
 613   1          SystemMode = 0;
 614   1          Init_Display();
 615   1      
 616   1          g_screenOff = 0;
 617   1          g_lastActivityTick10ms = g_uptime10ms;
 618   1          g_lastTotalForActivity = TotalResult;
 619   1      
 620   1          {
 621   2              unsigned char lastTick = g_tick10ms;
 622   2      
 623   2              while(1)
 624   2              {
 625   3                  while(lastTick != g_tick10ms)
 626   3                  {
 627   4                      lastTick++;
 628   4      
 629   4                      key = Key_Scan();
 630   4                      if(key != KEY_NONE)
 631   4                      {
 632   5                          if(g_screenOff) Screen_On();
 633   5                          ProcessKey(key);
 634   5                          MarkActivity();
 635   5                      }
 636   4      
 637   4                      if(SystemMode == 0 && HX711_IsReadyStable())
 638   4                      {
 639   5                          rawWeight = HX711_ReadRawSpikeRejected();
 640   5                          TotalResult = Filter_Weight(rawWeight);
 641   5                          {
 642   6                              long d = TotalResult - g_lastTotalForActivity;
 643   6                              if(d > RAW_ACTIVITY_THRESHOLD || d < -RAW_ACTIVITY_THRESHOLD)
 644   6                              {
 645   7                                  g_lastTotalForActivity = TotalResult;
 646   7                                  if(g_screenOff) Screen_On();
 647   7                                  MarkActivity();
 648   7                              }
 649   6                          }
 650   5                      }
 651   4                  }
 652   3      
 653   3                  while(g_evt200ms)
 654   3                  {
 655   4                      g_evt200ms--;
 656   4                      if(SystemMode == 0)
 657   4                      {
 658   5      
 659   5                          if(g_screenOff)
 660   5                          {
 661   6                              UpdateScaleLogicOnly();
 662   6                          }
 663   5                          else
 664   5                          {
 665   6                              UpdateScaleDisplay();
 666   6                          }
 667   5                      }
 668   4                  }
 669   3      
 670   3                  while(g_evt500ms)
 671   3                  {
 672   4                      g_evt500ms--;
 673   4                      if(g_screenOff) {  }
C51 COMPILER V9.60.0.0   MAIN                                                              02/20/2026 19:33:21 PAGE 12  

 674   4                      else
 675   4                      {
 676   5                          if(SystemMode == 1) UpdateClockDisplay();
 677   5                          else if(SystemMode == 2) UpdateDHTDisplay();
 678   5                      }
 679   4                  }
 680   3      
 681   3                  if(!g_screenOff)
 682   3                  {
 683   4                      unsigned long now = ReadUptime10msSafe();
 684   4                      if((now - g_lastActivityTick10ms) >= SCREEN_OFF_TIMEOUT_TICKS)
 685   4                      {
 686   5                          Screen_Off();
 687   5                      }
 688   4                  }
 689   3      
 690   3              }
 691   2          }
 692   1      }
 693          
 694          void Timer0_Routine(void) interrupt 1
 695          {
 696   1          static unsigned char cnt200 = 0;
 697   1          static unsigned char cnt500 = 0;
 698   1      
 699   1          TL0 = 0x00;
 700   1          TH0 = 0xDC; 
 701   1      
 702   1          g_tick10ms++;
 703   1          g_uptime10ms++;
 704   1          cnt200++;
 705   1          cnt500++;
 706   1      
 707   1          if(cnt200 >= 20) { cnt200 = 0; g_evt200ms++; }
 708   1          if(cnt500 >= 50) { cnt500 = 0; g_evt500ms++; }
 709   1      }


MODULE INFORMATION:   STATIC OVERLAYABLE
   CODE SIZE        =   3117    ----
   CONSTANT SIZE    =     76    ----
   XDATA SIZE       =     32    ----
   PDATA SIZE       =   ----    ----
   DATA SIZE        =     10      57
   IDATA SIZE       =     72    ----
   BIT SIZE         =      6       4
END OF MODULE INFORMATION.


C51 COMPILATION COMPLETE.  0 WARNING(S),  0 ERROR(S)
