C51 COMPILER V9.60.0.0   TIMER0                                                            12/31/2025 10:20:53 PAGE 1   


C51 COMPILER V9.60.0.0, COMPILATION OF MODULE TIMER0
OBJECT MODULE PLACED IN .\Objects\Timer0.obj
COMPILER INVOKED BY: C:\Keil_v5\C51\BIN\C51.EXE Timer0.c OPTIMIZE(8,SPEED) DEBUG OBJECTEXTEND TABS(2) OBJECT(.\Objects\T
                    -imer0.obj)

line level    source

   1          #include <REGX52.H>
   2          
   3          /**
   4            * 函    数：定时器0初始化
   5            * 参    数：无
   6            * 返 回 值：无
   7            */
   8          void Timer0_Init(void)
   9          { 
  10   1      //  AUXR|=0x80; //定时器时钟1T模式
  11   1        TMOD&=0xF0; //设置定时器模式为16位不自动重装模式
  12   1        TMOD|=0x01; //设置定时器模式为16位不自动重装模式
  13   1        TL0=0x00; //设置定时初值，定时10ms，12T@11.0592MHz
  14   1        TH0=0xDC; //设置定时初值，定时10ms，12T@11.0592MHz
  15   1        TF0=0;    //清除TF0标志
  16   1        TR0=1;    //定时器0开始计时
  17   1        ET0=1;    //打开定时器0中断允许
  18   1        EA=1;   //打开总中断
  19   1      }
  20          
  21          /*定时器中断函数模板
  22          void Timer0_Routine() interrupt 1 //定时器0中断函数
  23          {
  24            static unsigned int T0Count;  //定义静态变量
  25            TL0=0x00; //设置定时初值，定时10ms，12T@11.0592MHz
  26            TH0=0xDC; //设置定时初值，定时10ms，12T@11.0592MHz
  27            T0Count++;
  28            if(T0Count>=1000)
  29            {
  30              T0Count=0;
  31              
  32            }
  33          }
  34          */


MODULE INFORMATION:   STATIC OVERLAYABLE
   CODE SIZE        =     21    ----
   CONSTANT SIZE    =   ----    ----
   XDATA SIZE       =   ----    ----
   PDATA SIZE       =   ----    ----
   DATA SIZE        =   ----    ----
   IDATA SIZE       =   ----    ----
   BIT SIZE         =   ----    ----
END OF MODULE INFORMATION.


C51 COMPILATION COMPLETE.  0 WARNING(S),  0 ERROR(S)
